current directory: /Users/yannakoun/Project/techshelter/formation/test_ok/.vendor/ruby/3.0.0/gems/bcrypt-3.1.16/ext/mri
/Users/yannakoun/.rvm/rubies/ruby-3.0.0/bin/ruby -I /Users/yannakoun/.rvm/rubies/ruby-3.0.0/lib/ruby/3.0.0 -r ./siteconf20211028-23019-dy8lie.rb extconf.rb
creating Makefile

current directory: /Users/yannakoun/Project/techshelter/formation/test_ok/.vendor/ruby/3.0.0/gems/bcrypt-3.1.16/ext/mri
make "DESTDIR=" clean

current directory: /Users/yannakoun/Project/techshelter/formation/test_ok/.vendor/ruby/3.0.0/gems/bcrypt-3.1.16/ext/mri
make "DESTDIR="
compiling bcrypt_ext.c
compiling crypt_blowfish.c
gcc -fdeclspec  -D__SKIP_GNU -D_XOPEN_SOURCE -D_DARWIN_C_SOURCE -D_DARWIN_UNLIMITED_SELECT -D_REENTRANT    -c -o x86.o x86.S
compiling crypt_gensalt.c
compiling wrapper.c
wrapper.c:182:60: warning: declaration of 'struct crypt_data' will not be visible outside of this function [-Wvisibility]
char *crypt_r(const char *key, const char *setting, struct crypt_data *data)
                                                           ^
1 warning generated.
linking shared-object bcrypt_ext.bundle

current directory: /Users/yannakoun/Project/techshelter/formation/test_ok/.vendor/ruby/3.0.0/gems/bcrypt-3.1.16/ext/mri
make "DESTDIR=" install
/usr/local/opt/coreutils/bin/ginstall -c -m 0755 bcrypt_ext.bundle ./.gem.20211028-23019-5ivalc
