current directory: /Users/yannakoun/Project/techshelter/formation/test_ok/.vendor/ruby/3.0.0/gems/puma-5.5.2/ext/puma_http11
/Users/yannakoun/.rvm/rubies/ruby-3.0.0/bin/ruby -I /Users/yannakoun/.rvm/rubies/ruby-3.0.0/lib/ruby/3.0.0 -r ./siteconf20211028-23019-am4m5p.rb extconf.rb
checking for BIO_read() in -lcrypto... yes
checking for SSL_CTX_new() in -lssl... yes
checking for openssl/bio.h... yes
checking for DTLS_method() in openssl/ssl.h... yes
checking for TLS_server_method() in openssl/ssl.h... yes
checking for SSL_CTX_set_min_proto_version(NULL, 0) in openssl/ssl.h... yes
checking for X509_STORE_up_ref()... yes
checking for SSL_CTX_set_ecdh_auto(NULL, 0) in openssl/ssl.h... yes
checking for Random.bytes... yes
creating Makefile

current directory: /Users/yannakoun/Project/techshelter/formation/test_ok/.vendor/ruby/3.0.0/gems/puma-5.5.2/ext/puma_http11
make "DESTDIR=" clean

current directory: /Users/yannakoun/Project/techshelter/formation/test_ok/.vendor/ruby/3.0.0/gems/puma-5.5.2/ext/puma_http11
make "DESTDIR="
compiling http11_parser.c
compiling mini_ssl.c
compiling puma_http11.c
linking shared-object puma/puma_http11.bundle

current directory: /Users/yannakoun/Project/techshelter/formation/test_ok/.vendor/ruby/3.0.0/gems/puma-5.5.2/ext/puma_http11
make "DESTDIR=" install
/usr/local/opt/coreutils/bin/ginstall -c -m 0755 puma_http11.bundle ./.gem.20211028-23019-rywbfi/puma
